Mon May 23 09:03:14 CST 2016  [debug] AvalonLogChute initialized using file 'velocity.log'
Mon May 23 09:03:14 CST 2016  [trace] *******************************************************************
Mon May 23 09:03:14 CST 2016  [debug] Starting Apache Velocity v1.5 (compiled: 2007-02-22 08:52:29)
Mon May 23 09:03:14 CST 2016  [trace] RuntimeInstance initializing.
Mon May 23 09:03:14 CST 2016  [debug] Default Properties File: org\apache\velocity\runtime\defaults\velocity.properties
Mon May 23 09:03:14 CST 2016  [debug] Trying to use logger class org.apache.velocity.runtime.log.AvalonLogChute
Mon May 23 09:03:14 CST 2016  [debug] Using logger class org.apache.velocity.runtime.log.AvalonLogChute
Mon May 23 09:03:14 CST 2016  [debug] Default ResourceManager initializing. (class org.apache.velocity.runtime.resource.ResourceManagerImpl)
Mon May 23 09:03:14 CST 2016  [debug] ResourceLoader instantiated: org.apache.velocity.runtime.resource.loader.FileResourceLoader
Mon May 23 09:03:14 CST 2016  [trace] FileResourceLoader : initialization starting.
Mon May 23 09:03:14 CST 2016  [debug] Do unicode file recognition:  false
Mon May 23 09:03:14 CST 2016   [info] FileResourceLoader : adding path '.'
Mon May 23 09:03:14 CST 2016  [trace] FileResourceLoader : initialization complete.
Mon May 23 09:03:14 CST 2016  [debug] ResourceCache: initialized (class org.apache.velocity.runtime.resource.ResourceCacheImpl)
Mon May 23 09:03:14 CST 2016  [trace] Default ResourceManager initialization complete.
Mon May 23 09:03:14 CST 2016  [debug] Loaded System Directive: org.apache.velocity.runtime.directive.Literal
Mon May 23 09:03:14 CST 2016  [debug] Loaded System Directive: org.apache.velocity.runtime.directive.Macro
Mon May 23 09:03:14 CST 2016  [debug] Loaded System Directive: org.apache.velocity.runtime.directive.Parse
Mon May 23 09:03:14 CST 2016  [debug] Loaded System Directive: org.apache.velocity.runtime.directive.Include
Mon May 23 09:03:14 CST 2016  [debug] Loaded System Directive: org.apache.velocity.runtime.directive.Foreach
Mon May 23 09:03:14 CST 2016  [debug] Created '20' parsers.
Mon May 23 09:03:14 CST 2016  [trace] Velocimacro : initialization starting.
Mon May 23 09:03:14 CST 2016  [debug] Velocimacro : "velocimacro.library" is not set.  Trying default library: VM_global_library.vm
Mon May 23 09:03:14 CST 2016  [debug] Velocimacro : Default library not found.
Mon May 23 09:03:14 CST 2016  [debug] Velocimacro : allowInline = true : VMs can be defined inline in templates
Mon May 23 09:03:14 CST 2016  [debug] Velocimacro : allowInlineToOverride = false : VMs defined inline may NOT replace previous VM definitions
Mon May 23 09:03:14 CST 2016  [debug] Velocimacro : allowInlineLocal = false : VMs defined inline will be global in scope if allowed.
Mon May 23 09:03:14 CST 2016  [debug] Velocimacro : autoload off : VM system will not automatically reload global library macros
Mon May 23 09:03:14 CST 2016  [trace] Velocimacro : Velocimacro : initialization complete.
Mon May 23 09:03:14 CST 2016  [trace] RuntimeInstance successfully initialized.
